Arguments: 
  /usr/bin/node /usr/bin/yarn add -D @types/readline

PATH: 
  /home/sadvika/.cargo/bin:/home/sadvika/.local/bin:/usr/bin:/bin:/usr/local/sbin:/usr/local/bin:/usr/sbin:/usr/bin:/sbin:/bin:/usr/games:/usr/local/games:/home/sadvika/flutter/bin:/usr/lib/dart/bin:/snap/bin:/usr/lib/jvm/java-8-oracle/bin:/usr/lib/jvm/java-8-oracle/db/bin:/usr/lib/jvm/java-8-oracle/jre/bin:/usr/lib/dart/bin

Yarn version: 
  1.13.0

Node version: 
  10.15.2

Platform: 
  linux x64

Trace: 
  Error: https://registry.yarnpkg.com/@types%2freadline: Not found
      at Request.params.callback [as _callback] (/usr/lib/node_modules/yarn/lib/cli.js:66255:18)
      at Request.self.callback (/usr/lib/node_modules/yarn/lib/cli.js:129397:22)
      at Request.emit (events.js:189:13)
      at Request.<anonymous> (/usr/lib/node_modules/yarn/lib/cli.js:130369:10)
      at Request.emit (events.js:189:13)
      at IncomingMessage.<anonymous> (/usr/lib/node_modules/yarn/lib/cli.js:130291:12)
      at Object.onceWrapper (events.js:277:13)
      at IncomingMessage.emit (events.js:194:15)
      at endReadableNT (_stream_readable.js:1103:12)
      at process._tickCallback (internal/process/next_tick.js:63:19)

npm manifest: 
  {
    "name": "5-graphtraversal",
    "version": "1.0.0",
    "description": "- undirected vs directed - weighted vs unweighted - simple vs non-simple - sparse vs dense -> dense graph has n^2 no. of edges - cyclic vs acyclic -> trees are connected , acyclic and undirected graph - embedded vs topological -> embedded if edges are straight",
    "main": "index.js",
    "scripts": {
      "test": "echo \"Error: no test specified\" && exit 1"
    },
    "author": "",
    "license": "ISC"
  }

yarn manifest: 
  No manifest

Lockfile: 
  No lockfile
